{"C:\\Users\\oguzh\\Documents\\case-app\\src\\components\\layout\\Cart.tsx": {"path":"C:\\Users\\oguzh\\Documents\\case-app\\src\\components\\layout\\Cart.tsx","statementMap":{"0":{"start":{"line":1,"column":0},"end":{"line":1,"column":66}},"1":{"start":{"line":2,"column":0},"end":{"line":2,"column":73}},"2":{"start":{"line":8,"column":13},"end":{"line":89,"column":1}},"3":{"start":{"line":9,"column":19},"end":{"line":9,"column":35}},"4":{"start":{"line":10,"column":20},"end":{"line":10,"column":57}},"5":{"start":{"line":10,"column":46},"end":{"line":10,"column":56}},"6":{"start":{"line":11,"column":16},"end":{"line":11,"column":80}},"7":{"start":{"line":11,"column":44},"end":{"line":11,"column":76}},"8":{"start":{"line":13,"column":25},"end":{"line":15,"column":3}},"9":{"start":{"line":14,"column":4},"end":{"line":14,"column":null}},"10":{"start":{"line":17,"column":25},"end":{"line":23,"column":3}},"11":{"start":{"line":18,"column":4},"end":{"line":22,"column":5}},"12":{"start":{"line":19,"column":6},"end":{"line":19,"column":null}},"13":{"start":{"line":21,"column":6},"end":{"line":21,"column":null}},"14":{"start":{"line":25,"column":2},"end":{"line":88,"column":null}},"15":{"start":{"line":43,"column":10},"end":{"line":43,"column":29}},"16":{"start":{"line":50,"column":31},"end":{"line":50,"column":69}},"17":{"start":{"line":59,"column":31},"end":{"line":59,"column":69}},"18":{"start":{"line":91,"column":0},"end":{"line":91,"column":null}}},"fnMap":{"0":{"name":"(anonymous_0)","decl":{"start":{"line":8,"column":13},"end":{"line":8,"column":14}},"loc":{"start":{"line":8,"column":40},"end":{"line":89,"column":1}}},"1":{"name":"(anonymous_1)","decl":{"start":{"line":10,"column":35},"end":{"line":10,"column":36}},"loc":{"start":{"line":10,"column":46},"end":{"line":10,"column":56}}},"2":{"name":"(anonymous_2)","decl":{"start":{"line":11,"column":29},"end":{"line":11,"column":30}},"loc":{"start":{"line":11,"column":44},"end":{"line":11,"column":76}}},"3":{"name":"(anonymous_3)","decl":{"start":{"line":13,"column":25},"end":{"line":13,"column":26}},"loc":{"start":{"line":13,"column":65},"end":{"line":15,"column":3}}},"4":{"name":"(anonymous_4)","decl":{"start":{"line":17,"column":25},"end":{"line":17,"column":26}},"loc":{"start":{"line":17,"column":65},"end":{"line":23,"column":3}}},"5":{"name":"(anonymous_5)","decl":{"start":{"line":42,"column":19},"end":{"line":42,"column":20}},"loc":{"start":{"line":43,"column":10},"end":{"line":43,"column":29}}},"6":{"name":"(anonymous_6)","decl":{"start":{"line":50,"column":25},"end":{"line":50,"column":28}},"loc":{"start":{"line":50,"column":31},"end":{"line":50,"column":69}}},"7":{"name":"(anonymous_7)","decl":{"start":{"line":59,"column":25},"end":{"line":59,"column":28}},"loc":{"start":{"line":59,"column":31},"end":{"line":59,"column":69}}}},"branchMap":{"0":{"loc":{"start":{"line":18,"column":4},"end":{"line":22,"column":5}},"type":"if","locations":[{"start":{"line":18,"column":4},"end":{"line":22,"column":5}},{"start":{"line":20,"column":11},"end":{"line":22,"column":5}}]},"1":{"loc":{"start":{"line":29,"column":9},"end":{"line":37,"column":null}},"type":"binary-expr","locations":[{"start":{"line":29,"column":9},"end":{"line":29,"column":16}},{"start":{"line":30,"column":10},"end":{"line":36,"column":null}}]},"2":{"loc":{"start":{"line":68,"column":9},"end":{"line":71,"column":null}},"type":"binary-expr","locations":[{"start":{"line":68,"column":9},"end":{"line":68,"column":27}},{"start":{"line":69,"column":10},"end":{"line":69,"column":null}}]}},"s":{"0":2,"1":2,"2":2,"3":5,"4":5,"5":10,"6":5,"7":4,"8":5,"9":1,"10":5,"11":1,"12":0,"13":1,"14":5,"15":4,"16":1,"17":1,"18":2},"f":{"0":5,"1":10,"2":4,"3":1,"4":1,"5":4,"6":1,"7":1},"b":{"0":[0,1],"1":[5,0],"2":[5,1]}}
,"C:\\Users\\oguzh\\Documents\\case-app\\src\\components\\layout\\Header.tsx": {"path":"C:\\Users\\oguzh\\Documents\\case-app\\src\\components\\layout\\Header.tsx","statementMap":{"0":{"start":{"line":1,"column":0},"end":{"line":1,"column":32}},"1":{"start":{"line":2,"column":0},"end":{"line":2,"column":39}},"2":{"start":{"line":3,"column":0},"end":{"line":3,"column":66}},"3":{"start":{"line":4,"column":0},"end":{"line":4,"column":61}},"4":{"start":{"line":5,"column":0},"end":{"line":5,"column":25}},"5":{"start":{"line":7,"column":15},"end":{"line":74,"column":1}},"6":{"start":{"line":8,"column":38},"end":{"line":8,"column":50}},"7":{"start":{"line":9,"column":38},"end":{"line":9,"column":53}},"8":{"start":{"line":10,"column":19},"end":{"line":10,"column":35}},"9":{"start":{"line":11,"column":20},"end":{"line":11,"column":57}},"10":{"start":{"line":11,"column":46},"end":{"line":11,"column":56}},"11":{"start":{"line":12,"column":16},"end":{"line":12,"column":80}},"12":{"start":{"line":12,"column":44},"end":{"line":12,"column":76}},"13":{"start":{"line":14,"column":23},"end":{"line":18,"column":3}},"14":{"start":{"line":15,"column":18},"end":{"line":15,"column":32}},"15":{"start":{"line":16,"column":4},"end":{"line":16,"column":null}},"16":{"start":{"line":17,"column":4},"end":{"line":17,"column":null}},"17":{"start":{"line":20,"column":2},"end":{"line":73,"column":null}},"18":{"start":{"line":41,"column":31},"end":{"line":41,"column":57}},"19":{"start":{"line":60,"column":35},"end":{"line":60,"column":55}},"20":{"start":{"line":63,"column":41},"end":{"line":63,"column":61}},"21":{"start":{"line":76,"column":0},"end":{"line":76,"column":null}}},"fnMap":{"0":{"name":"(anonymous_1)","decl":{"start":{"line":7,"column":15},"end":{"line":7,"column":18}},"loc":{"start":{"line":7,"column":20},"end":{"line":74,"column":1}}},"1":{"name":"(anonymous_2)","decl":{"start":{"line":11,"column":35},"end":{"line":11,"column":36}},"loc":{"start":{"line":11,"column":46},"end":{"line":11,"column":56}}},"2":{"name":"(anonymous_3)","decl":{"start":{"line":12,"column":29},"end":{"line":12,"column":30}},"loc":{"start":{"line":12,"column":44},"end":{"line":12,"column":76}}},"3":{"name":"(anonymous_4)","decl":{"start":{"line":14,"column":23},"end":{"line":14,"column":24}},"loc":{"start":{"line":14,"column":66},"end":{"line":18,"column":3}}},"4":{"name":"(anonymous_5)","decl":{"start":{"line":41,"column":25},"end":{"line":41,"column":28}},"loc":{"start":{"line":41,"column":31},"end":{"line":41,"column":57}}},"5":{"name":"(anonymous_6)","decl":{"start":{"line":60,"column":29},"end":{"line":60,"column":32}},"loc":{"start":{"line":60,"column":35},"end":{"line":60,"column":55}}},"6":{"name":"(anonymous_7)","decl":{"start":{"line":63,"column":35},"end":{"line":63,"column":38}},"loc":{"start":{"line":63,"column":41},"end":{"line":63,"column":61}}}},"branchMap":{"0":{"loc":{"start":{"line":46,"column":61},"end":{"line":46,"column":91}},"type":"cond-expr","locations":[{"start":{"line":46,"column":74},"end":{"line":46,"column":86}},{"start":{"line":46,"column":89},"end":{"line":46,"column":91}}]},"1":{"loc":{"start":{"line":56,"column":15},"end":{"line":65,"column":null}},"type":"binary-expr","locations":[{"start":{"line":56,"column":15},"end":{"line":56,"column":25}},{"start":{"line":57,"column":16},"end":{"line":64,"column":null}}]}},"s":{"0":1,"1":1,"2":1,"3":1,"4":1,"5":1,"6":1,"7":1,"8":1,"9":1,"10":2,"11":1,"12":0,"13":1,"14":0,"15":0,"16":0,"17":1,"18":0,"19":0,"20":0,"21":1},"f":{"0":1,"1":2,"2":0,"3":0,"4":0,"5":0,"6":0},"b":{"0":[0,1],"1":[1,0]}}
,"C:\\Users\\oguzh\\Documents\\case-app\\src\\components\\layout\\Layout.tsx": {"path":"C:\\Users\\oguzh\\Documents\\case-app\\src\\components\\layout\\Layout.tsx","statementMap":{"0":{"start":{"line":1,"column":0},"end":{"line":1,"column":54}},"1":{"start":{"line":2,"column":0},"end":{"line":2,"column":29}},"2":{"start":{"line":3,"column":0},"end":{"line":3,"column":31}},"3":{"start":{"line":4,"column":0},"end":{"line":4,"column":41}},"4":{"start":{"line":6,"column":15},"end":{"line":22,"column":1}},"5":{"start":{"line":7,"column":19},"end":{"line":7,"column":32}},"6":{"start":{"line":8,"column":26},"end":{"line":8,"column":65}},"7":{"start":{"line":10,"column":2},"end":{"line":21,"column":null}},"8":{"start":{"line":24,"column":0},"end":{"line":24,"column":null}}},"fnMap":{"0":{"name":"(anonymous_1)","decl":{"start":{"line":6,"column":15},"end":{"line":6,"column":18}},"loc":{"start":{"line":6,"column":20},"end":{"line":22,"column":1}}}},"branchMap":{"0":{"loc":{"start":{"line":14,"column":9},"end":{"line":14,"column":40}},"type":"binary-expr","locations":[{"start":{"line":14,"column":9},"end":{"line":14,"column":25}},{"start":{"line":14,"column":29},"end":{"line":14,"column":40}}]},"1":{"loc":{"start":{"line":15,"column":35},"end":{"line":15,"column":68}},"type":"cond-expr","locations":[{"start":{"line":15,"column":54},"end":{"line":15,"column":63}},{"start":{"line":15,"column":66},"end":{"line":15,"column":68}}]},"2":{"loc":{"start":{"line":19,"column":7},"end":{"line":19,"column":43}},"type":"binary-expr","locations":[{"start":{"line":19,"column":7},"end":{"line":19,"column":23}},{"start":{"line":19,"column":27},"end":{"line":19,"column":43}}]}},"s":{"0":1,"1":1,"2":1,"3":1,"4":1,"5":1,"6":1,"7":1,"8":1},"f":{"0":1},"b":{"0":[1,0],"1":[0,1],"2":[1,0]}}
,"C:\\Users\\oguzh\\Documents\\case-app\\src\\components\\layout\\MobileDrawer.tsx": {"path":"C:\\Users\\oguzh\\Documents\\case-app\\src\\components\\layout\\MobileDrawer.tsx","statementMap":{"0":{"start":{"line":1,"column":0},"end":{"line":1,"column":32}},"1":{"start":{"line":2,"column":0},"end":{"line":2,"column":31}},"2":{"start":{"line":3,"column":0},"end":{"line":3,"column":25}},"3":{"start":{"line":5,"column":21},"end":{"line":62,"column":1}},"4":{"start":{"line":6,"column":30},"end":{"line":6,"column":45}},"5":{"start":{"line":7,"column":36},"end":{"line":7,"column":75}},"6":{"start":{"line":9,"column":2},"end":{"line":61,"column":null}},"7":{"start":{"line":15,"column":25},"end":{"line":15,"column":41}},"8":{"start":{"line":28,"column":29},"end":{"line":28,"column":52}},"9":{"start":{"line":36,"column":29},"end":{"line":36,"column":49}},"10":{"start":{"line":53,"column":23},"end":{"line":53,"column":41}},"11":{"start":{"line":64,"column":0},"end":{"line":64,"column":null}}},"fnMap":{"0":{"name":"(anonymous_1)","decl":{"start":{"line":5,"column":21},"end":{"line":5,"column":24}},"loc":{"start":{"line":5,"column":26},"end":{"line":62,"column":1}}},"1":{"name":"(anonymous_2)","decl":{"start":{"line":15,"column":19},"end":{"line":15,"column":22}},"loc":{"start":{"line":15,"column":25},"end":{"line":15,"column":41}}},"2":{"name":"(anonymous_3)","decl":{"start":{"line":28,"column":23},"end":{"line":28,"column":26}},"loc":{"start":{"line":28,"column":29},"end":{"line":28,"column":52}}},"3":{"name":"(anonymous_4)","decl":{"start":{"line":36,"column":23},"end":{"line":36,"column":26}},"loc":{"start":{"line":36,"column":29},"end":{"line":36,"column":49}}},"4":{"name":"(anonymous_5)","decl":{"start":{"line":53,"column":17},"end":{"line":53,"column":20}},"loc":{"start":{"line":53,"column":23},"end":{"line":53,"column":41}}}},"branchMap":{"0":{"loc":{"start":{"line":12,"column":7},"end":{"line":16,"column":null}},"type":"binary-expr","locations":[{"start":{"line":12,"column":7},"end":{"line":12,"column":13}},{"start":{"line":13,"column":8},"end":{"line":15,"column":null}}]},"1":{"loc":{"start":{"line":20,"column":123},"end":{"line":20,"column":169}},"type":"cond-expr","locations":[{"start":{"line":20,"column":132},"end":{"line":20,"column":147}},{"start":{"line":20,"column":150},"end":{"line":20,"column":169}}]},"2":{"loc":{"start":{"line":26,"column":16},"end":{"line":26,"column":null}},"type":"cond-expr","locations":[{"start":{"line":26,"column":42},"end":{"line":26,"column":84}},{"start":{"line":26,"column":87},"end":{"line":26,"column":null}}]},"3":{"loc":{"start":{"line":34,"column":16},"end":{"line":34,"column":null}},"type":"cond-expr","locations":[{"start":{"line":34,"column":39},"end":{"line":34,"column":81}},{"start":{"line":34,"column":84},"end":{"line":34,"column":null}}]},"4":{"loc":{"start":{"line":45,"column":15},"end":{"line":45,"column":63}},"type":"cond-expr","locations":[{"start":{"line":45,"column":41},"end":{"line":45,"column":52}},{"start":{"line":45,"column":55},"end":{"line":45,"column":63}}]}},"s":{"0":1,"1":1,"2":1,"3":1,"4":0,"5":0,"6":0,"7":0,"8":0,"9":0,"10":0,"11":1},"f":{"0":0,"1":0,"2":0,"3":0,"4":0},"b":{"0":[0,0],"1":[0,0],"2":[0,0],"3":[0,0],"4":[0,0]}}
,"C:\\Users\\oguzh\\Documents\\case-app\\src\\components\\layout\\Sidebar.tsx": {"path":"C:\\Users\\oguzh\\Documents\\case-app\\src\\components\\layout\\Sidebar.tsx","statementMap":{"0":{"start":{"line":1,"column":0},"end":{"line":1,"column":32}},"1":{"start":{"line":2,"column":0},"end":{"line":2,"column":66}},"2":{"start":{"line":3,"column":0},"end":{"line":3,"column":93}},"3":{"start":{"line":6,"column":16},"end":{"line":106,"column":1}},"4":{"start":{"line":7,"column":19},"end":{"line":7,"column":35}},"5":{"start":{"line":8,"column":56},"end":{"line":8,"column":97}},"6":{"start":{"line":8,"column":82},"end":{"line":8,"column":96}},"7":{"start":{"line":9,"column":40},"end":{"line":9,"column":52}},"8":{"start":{"line":10,"column":40},"end":{"line":10,"column":52}},"9":{"start":{"line":12,"column":26},"end":{"line":15,"column":3}},"10":{"start":{"line":12,"column":58},"end":{"line":15,"column":3}},"11":{"start":{"line":13,"column":4},"end":{"line":13,"column":null}},"12":{"start":{"line":14,"column":4},"end":{"line":14,"column":null}},"13":{"start":{"line":17,"column":25},"end":{"line":18,"column":null}},"14":{"start":{"line":18,"column":4},"end":{"line":18,"column":59}},"15":{"start":{"line":21,"column":25},"end":{"line":22,"column":null}},"16":{"start":{"line":22,"column":4},"end":{"line":22,"column":59}},"17":{"start":{"line":25,"column":2},"end":{"line":105,"column":null}},"18":{"start":{"line":31,"column":12},"end":{"line":32,"column":null}},"19":{"start":{"line":57,"column":31},"end":{"line":57,"column":61}},"20":{"start":{"line":63,"column":14},"end":{"line":63,"column":33}},"21":{"start":{"line":68,"column":34},"end":{"line":68,"column":62}},"22":{"start":{"line":85,"column":31},"end":{"line":85,"column":61}},"23":{"start":{"line":91,"column":14},"end":{"line":91,"column":33}},"24":{"start":{"line":96,"column":34},"end":{"line":96,"column":62}},"25":{"start":{"line":108,"column":0},"end":{"line":108,"column":null}}},"fnMap":{"0":{"name":"(anonymous_0)","decl":{"start":{"line":6,"column":16},"end":{"line":6,"column":19}},"loc":{"start":{"line":6,"column":21},"end":{"line":106,"column":1}}},"1":{"name":"(anonymous_1)","decl":{"start":{"line":8,"column":71},"end":{"line":8,"column":72}},"loc":{"start":{"line":8,"column":82},"end":{"line":8,"column":96}}},"2":{"name":"(anonymous_2)","decl":{"start":{"line":12,"column":26},"end":{"line":12,"column":27}},"loc":{"start":{"line":12,"column":58},"end":{"line":15,"column":3}}},"3":{"name":"(anonymous_3)","decl":{"start":{"line":12,"column":58},"end":{"line":12,"column":59}},"loc":{"start":{"line":12,"column":82},"end":{"line":15,"column":3}}},"4":{"name":"(anonymous_4)","decl":{"start":{"line":17,"column":48},"end":{"line":17,"column":53}},"loc":{"start":{"line":18,"column":4},"end":{"line":18,"column":59}}},"5":{"name":"(anonymous_5)","decl":{"start":{"line":21,"column":48},"end":{"line":21,"column":53}},"loc":{"start":{"line":22,"column":4},"end":{"line":22,"column":59}}},"6":{"name":"(anonymous_6)","decl":{"start":{"line":30,"column":27},"end":{"line":30,"column":28}},"loc":{"start":{"line":31,"column":12},"end":{"line":32,"column":null}}},"7":{"name":"(anonymous_7)","decl":{"start":{"line":57,"column":24},"end":{"line":57,"column":25}},"loc":{"start":{"line":57,"column":31},"end":{"line":57,"column":61}}},"8":{"name":"(anonymous_8)","decl":{"start":{"line":62,"column":32},"end":{"line":62,"column":33}},"loc":{"start":{"line":63,"column":14},"end":{"line":63,"column":33}}},"9":{"name":"(anonymous_9)","decl":{"start":{"line":68,"column":28},"end":{"line":68,"column":31}},"loc":{"start":{"line":68,"column":34},"end":{"line":68,"column":62}}},"10":{"name":"(anonymous_10)","decl":{"start":{"line":85,"column":24},"end":{"line":85,"column":25}},"loc":{"start":{"line":85,"column":31},"end":{"line":85,"column":61}}},"11":{"name":"(anonymous_11)","decl":{"start":{"line":90,"column":32},"end":{"line":90,"column":33}},"loc":{"start":{"line":91,"column":14},"end":{"line":91,"column":33}}},"12":{"name":"(anonymous_12)","decl":{"start":{"line":96,"column":28},"end":{"line":96,"column":31}},"loc":{"start":{"line":96,"column":34},"end":{"line":96,"column":62}}}},"branchMap":{},"s":{"0":2,"1":2,"2":2,"3":2,"4":8,"5":8,"6":14,"7":8,"8":8,"9":8,"10":32,"11":1,"12":1,"13":8,"14":16,"15":8,"16":16,"17":8,"18":32,"19":1,"20":14,"21":1,"22":1,"23":14,"24":1,"25":2},"f":{"0":8,"1":14,"2":32,"3":1,"4":16,"5":16,"6":32,"7":1,"8":14,"9":1,"10":1,"11":14,"12":1},"b":{}}
,"C:\\Users\\oguzh\\Documents\\case-app\\src\\components\\product\\ProductCard.tsx": {"path":"C:\\Users\\oguzh\\Documents\\case-app\\src\\components\\product\\ProductCard.tsx","statementMap":{"0":{"start":{"line":1,"column":0},"end":{"line":1,"column":39}},"1":{"start":{"line":2,"column":0},"end":{"line":2,"column":50}},"2":{"start":{"line":3,"column":0},"end":{"line":3,"column":52}},"3":{"start":{"line":10,"column":20},"end":{"line":51,"column":1}},"4":{"start":{"line":11,"column":19},"end":{"line":11,"column":35}},"5":{"start":{"line":13,"column":26},"end":{"line":15,"column":3}},"6":{"start":{"line":14,"column":4},"end":{"line":14,"column":null}},"7":{"start":{"line":17,"column":2},"end":{"line":50,"column":null}},"8":{"start":{"line":39,"column":16},"end":{"line":39,"column":null}},"9":{"start":{"line":40,"column":16},"end":{"line":40,"column":null}},"10":{"start":{"line":53,"column":0},"end":{"line":53,"column":null}}},"fnMap":{"0":{"name":"(anonymous_0)","decl":{"start":{"line":10,"column":20},"end":{"line":10,"column":21}},"loc":{"start":{"line":10,"column":54},"end":{"line":51,"column":1}}},"1":{"name":"(anonymous_1)","decl":{"start":{"line":13,"column":26},"end":{"line":13,"column":29}},"loc":{"start":{"line":13,"column":31},"end":{"line":15,"column":3}}},"2":{"name":"(anonymous_2)","decl":{"start":{"line":38,"column":23},"end":{"line":38,"column":24}},"loc":{"start":{"line":38,"column":29},"end":{"line":41,"column":15}}}},"branchMap":{},"s":{"0":1,"1":1,"2":1,"3":1,"4":2,"5":2,"6":1,"7":2,"8":1,"9":1,"10":1},"f":{"0":2,"1":1,"2":1},"b":{}}
,"C:\\Users\\oguzh\\Documents\\case-app\\src\\features\\cartSlice.ts": {"path":"C:\\Users\\oguzh\\Documents\\case-app\\src\\features\\cartSlice.ts","statementMap":{"0":{"start":{"line":1,"column":0},"end":{"line":1,"column":61}},"1":{"start":{"line":3,"column":0},"end":{"line":3,"column":88}},"2":{"start":{"line":13,"column":32},"end":{"line":15,"column":null}},"3":{"start":{"line":17,"column":18},"end":{"line":47,"column":2}},"4":{"start":{"line":22,"column":27},"end":{"line":22,"column":82}},"5":{"start":{"line":22,"column":52},"end":{"line":22,"column":81}},"6":{"start":{"line":24,"column":6},"end":{"line":28,"column":7}},"7":{"start":{"line":25,"column":8},"end":{"line":25,"column":null}},"8":{"start":{"line":27,"column":8},"end":{"line":27,"column":null}},"9":{"start":{"line":31,"column":6},"end":{"line":31,"column":null}},"10":{"start":{"line":35,"column":6},"end":{"line":35,"column":null}},"11":{"start":{"line":35,"column":47},"end":{"line":35,"column":73}},"12":{"start":{"line":36,"column":6},"end":{"line":36,"column":null}},"13":{"start":{"line":40,"column":19},"end":{"line":40,"column":74}},"14":{"start":{"line":40,"column":44},"end":{"line":40,"column":73}},"15":{"start":{"line":41,"column":6},"end":{"line":43,"column":7}},"16":{"start":{"line":42,"column":8},"end":{"line":42,"column":null}},"17":{"start":{"line":44,"column":6},"end":{"line":44,"column":null}},"18":{"start":{"line":49,"column":13},"end":{"line":49,"column":61}},"19":{"start":{"line":50,"column":0},"end":{"line":50,"column":null}}},"fnMap":{"0":{"name":"(anonymous_0)","decl":{"start":{"line":21,"column":15},"end":{"line":21,"column":16}},"loc":{"start":{"line":21,"column":57},"end":{"line":32,"column":5}}},"1":{"name":"(anonymous_1)","decl":{"start":{"line":22,"column":44},"end":{"line":22,"column":48}},"loc":{"start":{"line":22,"column":52},"end":{"line":22,"column":81}}},"2":{"name":"(anonymous_2)","decl":{"start":{"line":34,"column":20},"end":{"line":34,"column":21}},"loc":{"start":{"line":34,"column":61},"end":{"line":37,"column":5}}},"3":{"name":"(anonymous_3)","decl":{"start":{"line":35,"column":39},"end":{"line":35,"column":43}},"loc":{"start":{"line":35,"column":47},"end":{"line":35,"column":73}}},"4":{"name":"(anonymous_4)","decl":{"start":{"line":39,"column":20},"end":{"line":39,"column":21}},"loc":{"start":{"line":39,"column":87},"end":{"line":45,"column":5}}},"5":{"name":"(anonymous_5)","decl":{"start":{"line":40,"column":36},"end":{"line":40,"column":40}},"loc":{"start":{"line":40,"column":44},"end":{"line":40,"column":73}}}},"branchMap":{"0":{"loc":{"start":{"line":14,"column":9},"end":{"line":14,"column":55}},"type":"binary-expr","locations":[{"start":{"line":14,"column":9},"end":{"line":14,"column":49}},{"start":{"line":14,"column":53},"end":{"line":14,"column":55}}]},"1":{"loc":{"start":{"line":24,"column":6},"end":{"line":28,"column":7}},"type":"if","locations":[{"start":{"line":24,"column":6},"end":{"line":28,"column":7}},{"start":{"line":26,"column":13},"end":{"line":28,"column":7}}]},"2":{"loc":{"start":{"line":41,"column":6},"end":{"line":43,"column":7}},"type":"if","locations":[{"start":{"line":41,"column":6},"end":{"line":43,"column":7}}]}},"s":{"0":5,"1":5,"2":5,"3":5,"4":4,"5":1,"6":4,"7":1,"8":3,"9":4,"10":1,"11":1,"12":1,"13":2,"14":2,"15":2,"16":2,"17":2,"18":5,"19":5},"f":{"0":4,"1":1,"2":1,"3":1,"4":2,"5":2},"b":{"0":[5,5],"1":[1,3],"2":[2]}}
,"C:\\Users\\oguzh\\Documents\\case-app\\src\\features\\productsSlice.ts": {"path":"C:\\Users\\oguzh\\Documents\\case-app\\src\\features\\productsSlice.ts","statementMap":{"0":{"start":{"line":1,"column":0},"end":{"line":1,"column":79}},"1":{"start":{"line":2,"column":0},"end":{"line":2,"column":48}},"2":{"start":{"line":4,"column":0},"end":{"line":4,"column":91}},"3":{"start":{"line":11,"column":13},"end":{"line":16,"column":null}},"4":{"start":{"line":42,"column":21},"end":{"line":42,"column":57}},"5":{"start":{"line":43,"column":36},"end":{"line":62,"column":null}},"6":{"start":{"line":218,"column":9},"end":{"line":218,"column":21}},"7":{"start":{"line":64,"column":13},"end":{"line":70,"column":null}},"8":{"start":{"line":67,"column":21},"end":{"line":67,"column":59}},"9":{"start":{"line":68,"column":4},"end":{"line":68,"column":null}},"10":{"start":{"line":72,"column":13},"end":{"line":78,"column":null}},"11":{"start":{"line":75,"column":21},"end":{"line":75,"column":60}},"12":{"start":{"line":76,"column":4},"end":{"line":76,"column":null}},"13":{"start":{"line":80,"column":22},"end":{"line":167,"column":2}},"14":{"start":{"line":85,"column":6},"end":{"line":85,"column":null}},"15":{"start":{"line":86,"column":6},"end":{"line":86,"column":null}},"16":{"start":{"line":87,"column":6},"end":{"line":87,"column":null}},"17":{"start":{"line":90,"column":20},"end":{"line":90,"column":34}},"18":{"start":{"line":91,"column":20},"end":{"line":91,"column":55}},"19":{"start":{"line":92,"column":6},"end":{"line":96,"column":7}},"20":{"start":{"line":93,"column":8},"end":{"line":93,"column":null}},"21":{"start":{"line":95,"column":8},"end":{"line":95,"column":null}},"22":{"start":{"line":97,"column":6},"end":{"line":97,"column":null}},"23":{"start":{"line":98,"column":6},"end":{"line":98,"column":null}},"24":{"start":{"line":101,"column":20},"end":{"line":101,"column":34}},"25":{"start":{"line":102,"column":20},"end":{"line":102,"column":55}},"26":{"start":{"line":103,"column":6},"end":{"line":107,"column":7}},"27":{"start":{"line":104,"column":8},"end":{"line":104,"column":null}},"28":{"start":{"line":106,"column":8},"end":{"line":106,"column":null}},"29":{"start":{"line":108,"column":6},"end":{"line":108,"column":null}},"30":{"start":{"line":109,"column":6},"end":{"line":109,"column":null}},"31":{"start":{"line":112,"column":6},"end":{"line":112,"column":null}},"32":{"start":{"line":113,"column":6},"end":{"line":113,"column":null}},"33":{"start":{"line":114,"column":6},"end":{"line":114,"column":null}},"34":{"start":{"line":117,"column":6},"end":{"line":117,"column":null}},"35":{"start":{"line":120,"column":6},"end":{"line":122,"column":null}},"36":{"start":{"line":121,"column":46},"end":{"line":121,"column":59}},"37":{"start":{"line":124,"column":6},"end":{"line":126,"column":null}},"38":{"start":{"line":125,"column":46},"end":{"line":125,"column":59}},"39":{"start":{"line":129,"column":6},"end":{"line":129,"column":null}},"40":{"start":{"line":133,"column":4},"end":{"line":165,"column":null}},"41":{"start":{"line":135,"column":8},"end":{"line":135,"column":null}},"42":{"start":{"line":136,"column":8},"end":{"line":136,"column":null}},"43":{"start":{"line":139,"column":8},"end":{"line":139,"column":null}},"44":{"start":{"line":140,"column":8},"end":{"line":140,"column":null}},"45":{"start":{"line":141,"column":8},"end":{"line":141,"column":null}},"46":{"start":{"line":142,"column":8},"end":{"line":144,"column":null}},"47":{"start":{"line":143,"column":57},"end":{"line":143,"column":70}},"48":{"start":{"line":145,"column":8},"end":{"line":147,"column":null}},"49":{"start":{"line":146,"column":57},"end":{"line":146,"column":70}},"50":{"start":{"line":148,"column":8},"end":{"line":148,"column":null}},"51":{"start":{"line":151,"column":8},"end":{"line":151,"column":null}},"52":{"start":{"line":152,"column":8},"end":{"line":152,"column":null}},"53":{"start":{"line":155,"column":8},"end":{"line":155,"column":null}},"54":{"start":{"line":156,"column":8},"end":{"line":156,"column":null}},"55":{"start":{"line":159,"column":8},"end":{"line":159,"column":null}},"56":{"start":{"line":160,"column":8},"end":{"line":160,"column":null}},"57":{"start":{"line":163,"column":8},"end":{"line":163,"column":null}},"58":{"start":{"line":164,"column":8},"end":{"line":164,"column":null}},"59":{"start":{"line":169,"column":21},"end":{"line":214,"column":1}},"60":{"start":{"line":170,"column":17},"end":{"line":170,"column":36}},"61":{"start":{"line":173,"column":2},"end":{"line":177,"column":3}},"62":{"start":{"line":174,"column":4},"end":{"line":176,"column":null}},"63":{"start":{"line":175,"column":6},"end":{"line":175,"column":50}},"64":{"start":{"line":180,"column":2},"end":{"line":184,"column":3}},"65":{"start":{"line":181,"column":4},"end":{"line":183,"column":null}},"66":{"start":{"line":182,"column":6},"end":{"line":182,"column":50}},"67":{"start":{"line":187,"column":2},"end":{"line":193,"column":3}},"68":{"start":{"line":188,"column":23},"end":{"line":188,"column":61}},"69":{"start":{"line":189,"column":4},"end":{"line":192,"column":null}},"70":{"start":{"line":190,"column":6},"end":{"line":191,"column":60}},"71":{"start":{"line":196,"column":2},"end":{"line":211,"column":3}},"72":{"start":{"line":197,"column":4},"end":{"line":210,"column":null}},"73":{"start":{"line":198,"column":6},"end":{"line":209,"column":7}},"74":{"start":{"line":200,"column":10},"end":{"line":200,"column":null}},"75":{"start":{"line":202,"column":10},"end":{"line":202,"column":null}},"76":{"start":{"line":204,"column":10},"end":{"line":204,"column":null}},"77":{"start":{"line":206,"column":10},"end":{"line":206,"column":null}},"78":{"start":{"line":208,"column":10},"end":{"line":208,"column":null}},"79":{"start":{"line":213,"column":2},"end":{"line":213,"column":null}},"80":{"start":{"line":216,"column":13},"end":{"line":216,"column":98}},"81":{"start":{"line":217,"column":0},"end":{"line":217,"column":null}}},"fnMap":{"0":{"name":"(anonymous_0)","decl":{"start":{"line":66,"column":2},"end":{"line":66,"column":7}},"loc":{"start":{"line":66,"column":29},"end":{"line":69,"column":3}}},"1":{"name":"(anonymous_1)","decl":{"start":{"line":74,"column":2},"end":{"line":74,"column":7}},"loc":{"start":{"line":74,"column":23},"end":{"line":77,"column":3}}},"2":{"name":"(anonymous_2)","decl":{"start":{"line":84,"column":13},"end":{"line":84,"column":14}},"loc":{"start":{"line":84,"column":67},"end":{"line":88,"column":5}}},"3":{"name":"(anonymous_3)","decl":{"start":{"line":89,"column":17},"end":{"line":89,"column":18}},"loc":{"start":{"line":89,"column":58},"end":{"line":99,"column":5}}},"4":{"name":"(anonymous_4)","decl":{"start":{"line":100,"column":17},"end":{"line":100,"column":18}},"loc":{"start":{"line":100,"column":58},"end":{"line":110,"column":5}}},"5":{"name":"(anonymous_5)","decl":{"start":{"line":111,"column":20},"end":{"line":111,"column":21}},"loc":{"start":{"line":111,"column":61},"end":{"line":115,"column":5}}},"6":{"name":"(anonymous_6)","decl":{"start":{"line":116,"column":24},"end":{"line":116,"column":25}},"loc":{"start":{"line":116,"column":66},"end":{"line":118,"column":5}}},"7":{"name":"(anonymous_7)","decl":{"start":{"line":119,"column":28},"end":{"line":119,"column":29}},"loc":{"start":{"line":119,"column":38},"end":{"line":127,"column":5}}},"8":{"name":"(anonymous_8)","decl":{"start":{"line":121,"column":35},"end":{"line":121,"column":42}},"loc":{"start":{"line":121,"column":46},"end":{"line":121,"column":59}}},"9":{"name":"(anonymous_9)","decl":{"start":{"line":125,"column":35},"end":{"line":125,"column":42}},"loc":{"start":{"line":125,"column":46},"end":{"line":125,"column":59}}},"10":{"name":"(anonymous_10)","decl":{"start":{"line":128,"column":13},"end":{"line":128,"column":14}},"loc":{"start":{"line":128,"column":54},"end":{"line":130,"column":5}}},"11":{"name":"(anonymous_11)","decl":{"start":{"line":132,"column":17},"end":{"line":132,"column":18}},"loc":{"start":{"line":132,"column":29},"end":{"line":166,"column":3}}},"12":{"name":"(anonymous_12)","decl":{"start":{"line":134,"column":38},"end":{"line":134,"column":39}},"loc":{"start":{"line":134,"column":48},"end":{"line":137,"column":7}}},"13":{"name":"(anonymous_13)","decl":{"start":{"line":138,"column":40},"end":{"line":138,"column":41}},"loc":{"start":{"line":138,"column":58},"end":{"line":149,"column":7}}},"14":{"name":"(anonymous_14)","decl":{"start":{"line":143,"column":46},"end":{"line":143,"column":53}},"loc":{"start":{"line":143,"column":57},"end":{"line":143,"column":70}}},"15":{"name":"(anonymous_15)","decl":{"start":{"line":146,"column":46},"end":{"line":146,"column":53}},"loc":{"start":{"line":146,"column":57},"end":{"line":146,"column":70}}},"16":{"name":"(anonymous_16)","decl":{"start":{"line":150,"column":39},"end":{"line":150,"column":40}},"loc":{"start":{"line":150,"column":57},"end":{"line":153,"column":7}}},"17":{"name":"(anonymous_17)","decl":{"start":{"line":154,"column":41},"end":{"line":154,"column":42}},"loc":{"start":{"line":154,"column":51},"end":{"line":157,"column":7}}},"18":{"name":"(anonymous_18)","decl":{"start":{"line":158,"column":43},"end":{"line":158,"column":44}},"loc":{"start":{"line":158,"column":61},"end":{"line":161,"column":7}}},"19":{"name":"(anonymous_19)","decl":{"start":{"line":162,"column":42},"end":{"line":162,"column":43}},"loc":{"start":{"line":162,"column":60},"end":{"line":165,"column":7}}},"20":{"name":"(anonymous_20)","decl":{"start":{"line":169,"column":21},"end":{"line":169,"column":22}},"loc":{"start":{"line":169,"column":46},"end":{"line":214,"column":1}}},"21":{"name":"(anonymous_21)","decl":{"start":{"line":174,"column":31},"end":{"line":174,"column":38}},"loc":{"start":{"line":175,"column":6},"end":{"line":175,"column":50}}},"22":{"name":"(anonymous_22)","decl":{"start":{"line":181,"column":31},"end":{"line":181,"column":38}},"loc":{"start":{"line":182,"column":6},"end":{"line":182,"column":50}}},"23":{"name":"(anonymous_23)","decl":{"start":{"line":189,"column":31},"end":{"line":189,"column":38}},"loc":{"start":{"line":190,"column":6},"end":{"line":191,"column":60}}},"24":{"name":"(anonymous_24)","decl":{"start":{"line":197,"column":18},"end":{"line":197,"column":19}},"loc":{"start":{"line":197,"column":27},"end":{"line":210,"column":5}}}},"branchMap":{"0":{"loc":{"start":{"line":49,"column":11},"end":{"line":54,"column":null}},"type":"binary-expr","locations":[{"start":{"line":49,"column":11},"end":{"line":49,"column":32}},{"start":{"line":49,"column":36},"end":{"line":54,"column":null}}]},"1":{"loc":{"start":{"line":66,"column":9},"end":{"line":66,"column":25}},"type":"default-arg","locations":[{"start":{"line":66,"column":24},"end":{"line":66,"column":25}}]},"2":{"loc":{"start":{"line":92,"column":6},"end":{"line":96,"column":7}},"type":"if","locations":[{"start":{"line":92,"column":6},"end":{"line":96,"column":7}},{"start":{"line":94,"column":13},"end":{"line":96,"column":7}}]},"3":{"loc":{"start":{"line":103,"column":6},"end":{"line":107,"column":7}},"type":"if","locations":[{"start":{"line":103,"column":6},"end":{"line":107,"column":7}},{"start":{"line":105,"column":13},"end":{"line":107,"column":7}}]},"4":{"loc":{"start":{"line":152,"column":22},"end":{"line":152,"column":63}},"type":"binary-expr","locations":[{"start":{"line":152,"column":22},"end":{"line":152,"column":42}},{"start":{"line":152,"column":46},"end":{"line":152,"column":63}}]},"5":{"loc":{"start":{"line":164,"column":22},"end":{"line":164,"column":63}},"type":"binary-expr","locations":[{"start":{"line":164,"column":22},"end":{"line":164,"column":42}},{"start":{"line":164,"column":46},"end":{"line":164,"column":63}}]},"6":{"loc":{"start":{"line":173,"column":2},"end":{"line":177,"column":3}},"type":"if","locations":[{"start":{"line":173,"column":2},"end":{"line":177,"column":3}}]},"7":{"loc":{"start":{"line":180,"column":2},"end":{"line":184,"column":3}},"type":"if","locations":[{"start":{"line":180,"column":2},"end":{"line":184,"column":3}}]},"8":{"loc":{"start":{"line":187,"column":2},"end":{"line":193,"column":3}},"type":"if","locations":[{"start":{"line":187,"column":2},"end":{"line":193,"column":3}}]},"9":{"loc":{"start":{"line":190,"column":6},"end":{"line":191,"column":60}},"type":"binary-expr","locations":[{"start":{"line":190,"column":6},"end":{"line":190,"column":53}},{"start":{"line":191,"column":6},"end":{"line":191,"column":60}}]},"10":{"loc":{"start":{"line":196,"column":2},"end":{"line":211,"column":3}},"type":"if","locations":[{"start":{"line":196,"column":2},"end":{"line":211,"column":3}}]},"11":{"loc":{"start":{"line":198,"column":6},"end":{"line":209,"column":7}},"type":"switch","locations":[{"start":{"line":199,"column":8},"end":{"line":200,"column":null}},{"start":{"line":201,"column":8},"end":{"line":202,"column":null}},{"start":{"line":203,"column":8},"end":{"line":204,"column":null}},{"start":{"line":205,"column":8},"end":{"line":206,"column":null}},{"start":{"line":207,"column":8},"end":{"line":208,"column":null}}]}},"s":{"0":5,"1":5,"2":5,"3":5,"4":5,"5":5,"6":5,"7":5,"8":0,"9":0,"10":5,"11":0,"12":0,"13":5,"14":2,"15":2,"16":2,"17":2,"18":2,"19":2,"20":2,"21":0,"22":2,"23":2,"24":1,"25":1,"26":1,"27":1,"28":0,"29":1,"30":1,"31":1,"32":1,"33":1,"34":0,"35":0,"36":0,"37":0,"38":0,"39":0,"40":5,"41":0,"42":0,"43":3,"44":3,"45":3,"46":3,"47":6,"48":3,"49":6,"50":3,"51":0,"52":0,"53":0,"54":0,"55":0,"56":0,"57":0,"58":0,"59":5,"60":9,"61":9,"62":6,"63":12,"64":9,"65":3,"66":3,"67":9,"68":1,"69":1,"70":2,"71":9,"72":9,"73":2,"74":0,"75":1,"76":1,"77":0,"78":0,"79":9,"80":5,"81":5},"f":{"0":0,"1":0,"2":2,"3":2,"4":1,"5":1,"6":0,"7":0,"8":0,"9":0,"10":0,"11":5,"12":0,"13":3,"14":6,"15":6,"16":0,"17":0,"18":0,"19":0,"20":9,"21":12,"22":3,"23":2,"24":2},"b":{"0":[5,5],"1":[0],"2":[2,0],"3":[1,0],"4":[0,0],"5":[0,0],"6":[6],"7":[3],"8":[1],"9":[2,1],"10":[9],"11":[0,1,1,0,0]}}
,"C:\\Users\\oguzh\\Documents\\case-app\\src\\features\\store.ts": {"path":"C:\\Users\\oguzh\\Documents\\case-app\\src\\features\\store.ts","statementMap":{"0":{"start":{"line":1,"column":0},"end":{"line":1,"column":49}},"1":{"start":{"line":2,"column":0},"end":{"line":2,"column":60}},"2":{"start":{"line":3,"column":0},"end":{"line":3,"column":47}},"3":{"start":{"line":4,"column":0},"end":{"line":4,"column":45}},"4":{"start":{"line":5,"column":0},"end":{"line":5,"column":37}},"5":{"start":{"line":7,"column":22},"end":{"line":11,"column":null}},"6":{"start":{"line":13,"column":29},"end":{"line":13,"column":71}},"7":{"start":{"line":15,"column":13},"end":{"line":26,"column":null}},"8":{"start":{"line":21,"column":4},"end":{"line":25,"column":6}},"9":{"start":{"line":28,"column":13},"end":{"line":28,"column":null}}},"fnMap":{"0":{"name":"(anonymous_1)","decl":{"start":{"line":20,"column":14},"end":{"line":20,"column":15}},"loc":{"start":{"line":21,"column":4},"end":{"line":25,"column":6}}}},"branchMap":{},"s":{"0":3,"1":3,"2":3,"3":3,"4":3,"5":3,"6":3,"7":3,"8":3,"9":3},"f":{"0":3},"b":{}}
,"C:\\Users\\oguzh\\Documents\\case-app\\src\\hooks\\redux.ts": {"path":"C:\\Users\\oguzh\\Documents\\case-app\\src\\hooks\\redux.ts","statementMap":{"0":{"start":{"line":1,"column":0},"end":{"line":1,"column":76}},"1":{"start":{"line":4,"column":30},"end":{"line":4,"column":62}},"2":{"start":{"line":4,"column":36},"end":{"line":4,"column":62}},"3":{"start":{"line":4,"column":13},"end":{"line":4,"column":30}},"4":{"start":{"line":5,"column":13},"end":{"line":5,"column":null}}},"fnMap":{"0":{"name":"(anonymous_0)","decl":{"start":{"line":4,"column":30},"end":{"line":4,"column":33}},"loc":{"start":{"line":4,"column":36},"end":{"line":4,"column":62}}}},"branchMap":{},"s":{"0":4,"1":4,"2":16,"3":4,"4":4},"f":{"0":16},"b":{}}
,"C:\\Users\\oguzh\\Documents\\case-app\\src\\services\\api.ts": {"path":"C:\\Users\\oguzh\\Documents\\case-app\\src\\services\\api.ts","statementMap":{"0":{"start":{"line":1,"column":0},"end":{"line":1,"column":25}},"1":{"start":{"line":4,"column":16},"end":{"line":4,"column":61}},"2":{"start":{"line":6,"column":12},"end":{"line":8,"column":2}},"3":{"start":{"line":11,"column":23},"end":{"line":30,"column":null}},"4":{"start":{"line":33,"column":21},"end":{"line":39,"column":1}},"5":{"start":{"line":34,"column":16},"end":{"line":34,"column":31}},"6":{"start":{"line":35,"column":2},"end":{"line":38,"column":null}},"7":{"start":{"line":36,"column":4},"end":{"line":37,"column":55}},"8":{"start":{"line":42,"column":25},"end":{"line":77,"column":1}},"9":{"start":{"line":43,"column":19},"end":{"line":43,"column":45}},"10":{"start":{"line":45,"column":2},"end":{"line":48,"column":3}},"11":{"start":{"line":47,"column":4},"end":{"line":47,"column":null}},"12":{"start":{"line":51,"column":2},"end":{"line":76,"column":null}},"13":{"start":{"line":52,"column":16},"end":{"line":52,"column":18}},"14":{"start":{"line":53,"column":16},"end":{"line":53,"column":23}},"15":{"start":{"line":56,"column":4},"end":{"line":67,"column":5}},"16":{"start":{"line":57,"column":6},"end":{"line":57,"column":null}},"17":{"start":{"line":58,"column":6},"end":{"line":58,"column":null}},"18":{"start":{"line":61,"column":6},"end":{"line":66,"column":null}},"19":{"start":{"line":62,"column":8},"end":{"line":65,"column":9}},"20":{"start":{"line":63,"column":10},"end":{"line":63,"column":null}},"21":{"start":{"line":64,"column":10},"end":{"line":64,"column":null}},"22":{"start":{"line":69,"column":4},"end":{"line":75,"column":null}},"23":{"start":{"line":79,"column":13},"end":{"line":115,"column":null}},"24":{"start":{"line":81,"column":21},"end":{"line":86,"column":6}},"25":{"start":{"line":89,"column":32},"end":{"line":89,"column":71}},"26":{"start":{"line":92,"column":37},"end":{"line":92,"column":63}},"27":{"start":{"line":94,"column":4},"end":{"line":97,"column":null}},"28":{"start":{"line":102,"column":23},"end":{"line":102,"column":39}},"29":{"start":{"line":103,"column":21},"end":{"line":103,"column":66}},"30":{"start":{"line":106,"column":32},"end":{"line":106,"column":63}},"31":{"start":{"line":107,"column":29},"end":{"line":107,"column":71}},"32":{"start":{"line":107,"column":59},"end":{"line":107,"column":70}},"33":{"start":{"line":109,"column":4},"end":{"line":111,"column":5}},"34":{"start":{"line":110,"column":6},"end":{"line":110,"column":null}},"35":{"start":{"line":113,"column":4},"end":{"line":113,"column":null}}},"fnMap":{"0":{"name":"(anonymous_1)","decl":{"start":{"line":33,"column":21},"end":{"line":33,"column":22}},"loc":{"start":{"line":33,"column":48},"end":{"line":39,"column":1}}},"1":{"name":"(anonymous_2)","decl":{"start":{"line":35,"column":22},"end":{"line":35,"column":26}},"loc":{"start":{"line":36,"column":4},"end":{"line":37,"column":55}}},"2":{"name":"(anonymous_3)","decl":{"start":{"line":42,"column":25},"end":{"line":42,"column":26}},"loc":{"start":{"line":42,"column":53},"end":{"line":77,"column":1}}},"3":{"name":"(anonymous_4)","decl":{"start":{"line":51,"column":22},"end":{"line":51,"column":23}},"loc":{"start":{"line":51,"column":41},"end":{"line":76,"column":3}}},"4":{"name":"(anonymous_5)","decl":{"start":{"line":61,"column":45},"end":{"line":61,"column":46}},"loc":{"start":{"line":61,"column":68},"end":{"line":66,"column":7}}},"5":{"name":"(anonymous_6)","decl":{"start":{"line":80,"column":15},"end":{"line":80,"column":20}},"loc":{"start":{"line":80,"column":62},"end":{"line":98,"column":3}}},"6":{"name":"(anonymous_7)","decl":{"start":{"line":100,"column":18},"end":{"line":100,"column":23}},"loc":{"start":{"line":100,"column":39},"end":{"line":114,"column":3}}},"7":{"name":"(anonymous_8)","decl":{"start":{"line":107,"column":54},"end":{"line":107,"column":55}},"loc":{"start":{"line":107,"column":59},"end":{"line":107,"column":70}}}},"branchMap":{"0":{"loc":{"start":{"line":36,"column":4},"end":{"line":37,"column":55}},"type":"binary-expr","locations":[{"start":{"line":36,"column":4},"end":{"line":36,"column":46}},{"start":{"line":37,"column":4},"end":{"line":37,"column":55}}]},"1":{"loc":{"start":{"line":45,"column":2},"end":{"line":48,"column":3}},"type":"if","locations":[{"start":{"line":45,"column":2},"end":{"line":48,"column":3}}]},"2":{"loc":{"start":{"line":56,"column":4},"end":{"line":67,"column":5}},"type":"if","locations":[{"start":{"line":56,"column":4},"end":{"line":67,"column":5}},{"start":{"line":59,"column":11},"end":{"line":67,"column":5}}]},"3":{"loc":{"start":{"line":62,"column":8},"end":{"line":65,"column":9}},"type":"if","locations":[{"start":{"line":62,"column":8},"end":{"line":65,"column":9}}]},"4":{"loc":{"start":{"line":80,"column":22},"end":{"line":80,"column":38}},"type":"default-arg","locations":[{"start":{"line":80,"column":37},"end":{"line":80,"column":38}}]},"5":{"loc":{"start":{"line":80,"column":40},"end":{"line":80,"column":58}},"type":"default-arg","locations":[{"start":{"line":80,"column":56},"end":{"line":80,"column":58}}]},"6":{"loc":{"start":{"line":109,"column":4},"end":{"line":111,"column":5}},"type":"if","locations":[{"start":{"line":109,"column":4},"end":{"line":111,"column":5}}]}},"s":{"0":6,"1":6,"2":6,"3":6,"4":6,"5":2,"6":2,"7":4,"8":6,"9":2,"10":2,"11":2,"12":0,"13":0,"14":0,"15":0,"16":0,"17":0,"18":0,"19":0,"20":0,"21":0,"22":0,"23":6,"24":1,"25":1,"26":1,"27":1,"28":1,"29":1,"30":1,"31":1,"32":1,"33":1,"34":0,"35":1},"f":{"0":2,"1":4,"2":2,"3":0,"4":0,"5":1,"6":1,"7":1},"b":{"0":[4,4],"1":[2],"2":[0,0],"3":[0],"4":[1],"5":[1],"6":[0]}}
,"C:\\Users\\oguzh\\Documents\\case-app\\src\\store\\index.ts": {"path":"C:\\Users\\oguzh\\Documents\\case-app\\src\\store\\index.ts","statementMap":{"0":{"start":{"line":1,"column":0},"end":{"line":1,"column":49}},"1":{"start":{"line":2,"column":0},"end":{"line":2,"column":55}},"2":{"start":{"line":3,"column":0},"end":{"line":3,"column":47}},"3":{"start":{"line":5,"column":13},"end":{"line":10,"column":null}}},"fnMap":{},"branchMap":{},"s":{"0":1,"1":1,"2":1,"3":1},"f":{},"b":{}}
,"C:\\Users\\oguzh\\Documents\\case-app\\src\\utils\\localStorage.ts": {"path":"C:\\Users\\oguzh\\Documents\\case-app\\src\\utils\\localStorage.ts","statementMap":{"0":{"start":{"line":2,"column":13},"end":{"line":2,"column":null}},"1":{"start":{"line":3,"column":13},"end":{"line":3,"column":null}},"2":{"start":{"line":6,"column":29},"end":{"line":12,"column":1}},"3":{"start":{"line":7,"column":2},"end":{"line":11,"column":3}},"4":{"start":{"line":8,"column":4},"end":{"line":8,"column":null}},"5":{"start":{"line":10,"column":4},"end":{"line":10,"column":null}},"6":{"start":{"line":6,"column":13},"end":{"line":6,"column":29}},"7":{"start":{"line":14,"column":31},"end":{"line":22,"column":1}},"8":{"start":{"line":15,"column":2},"end":{"line":21,"column":3}},"9":{"start":{"line":16,"column":17},"end":{"line":16,"column":42}},"10":{"start":{"line":17,"column":4},"end":{"line":17,"column":null}},"11":{"start":{"line":19,"column":4},"end":{"line":19,"column":null}},"12":{"start":{"line":20,"column":4},"end":{"line":20,"column":null}},"13":{"start":{"line":14,"column":13},"end":{"line":14,"column":31}}},"fnMap":{"0":{"name":"(anonymous_0)","decl":{"start":{"line":6,"column":29},"end":{"line":6,"column":30}},"loc":{"start":{"line":6,"column":56},"end":{"line":12,"column":1}}},"1":{"name":"(anonymous_1)","decl":{"start":{"line":14,"column":31},"end":{"line":14,"column":32}},"loc":{"start":{"line":14,"column":47},"end":{"line":22,"column":1}}}},"branchMap":{"0":{"loc":{"start":{"line":17,"column":11},"end":{"line":17,"column":41}},"type":"cond-expr","locations":[{"start":{"line":17,"column":18},"end":{"line":17,"column":34}},{"start":{"line":17,"column":37},"end":{"line":17,"column":41}}]}},"s":{"0":7,"1":7,"2":7,"3":14,"4":14,"5":0,"6":7,"7":7,"8":12,"9":12,"10":12,"11":0,"12":0,"13":7},"f":{"0":14,"1":12},"b":{"0":[1,11]}}
}
