TN:
SF:src\components\layout\Cart.tsx
FN:8,(anonymous_0)
FN:10,(anonymous_1)
FN:11,(anonymous_2)
FN:13,(anonymous_3)
FN:17,(anonymous_4)
FN:42,(anonymous_5)
FN:50,(anonymous_6)
FN:59,(anonymous_7)
FNF:8
FNH:8
FNDA:5,(anonymous_0)
FNDA:10,(anonymous_1)
FNDA:4,(anonymous_2)
FNDA:1,(anonymous_3)
FNDA:1,(anonymous_4)
FNDA:4,(anonymous_5)
FNDA:1,(anonymous_6)
FNDA:1,(anonymous_7)
DA:1,2
DA:2,2
DA:8,2
DA:9,5
DA:10,10
DA:11,5
DA:13,5
DA:14,1
DA:17,5
DA:18,1
DA:19,0
DA:21,1
DA:25,5
DA:43,4
DA:50,1
DA:59,1
DA:91,2
LF:17
LH:16
BRDA:18,0,0,0
BRDA:18,0,1,1
BRDA:29,1,0,5
BRDA:29,1,1,0
BRDA:68,2,0,5
BRDA:68,2,1,1
BRF:6
BRH:4
end_of_record
TN:
SF:src\components\layout\Header.tsx
FN:7,(anonymous_1)
FN:11,(anonymous_2)
FN:12,(anonymous_3)
FN:14,(anonymous_4)
FN:41,(anonymous_5)
FN:60,(anonymous_6)
FN:63,(anonymous_7)
FNF:7
FNH:2
FNDA:1,(anonymous_1)
FNDA:2,(anonymous_2)
FNDA:0,(anonymous_3)
FNDA:0,(anonymous_4)
FNDA:0,(anonymous_5)
FNDA:0,(anonymous_6)
FNDA:0,(anonymous_7)
DA:1,1
DA:2,1
DA:3,1
DA:4,1
DA:5,1
DA:7,1
DA:8,1
DA:9,1
DA:10,1
DA:11,2
DA:12,1
DA:14,1
DA:15,0
DA:16,0
DA:17,0
DA:20,1
DA:41,0
DA:60,0
DA:63,0
DA:76,1
LF:20
LH:14
BRDA:46,0,0,0
BRDA:46,0,1,1
BRDA:56,1,0,1
BRDA:56,1,1,0
BRF:4
BRH:2
end_of_record
TN:
SF:src\components\layout\Layout.tsx
FN:6,(anonymous_1)
FNF:1
FNH:1
FNDA:1,(anonymous_1)
DA:1,1
DA:2,1
DA:3,1
DA:4,1
DA:6,1
DA:7,1
DA:8,1
DA:10,1
DA:24,1
LF:9
LH:9
BRDA:14,0,0,1
BRDA:14,0,1,0
BRDA:15,1,0,0
BRDA:15,1,1,1
BRDA:19,2,0,1
BRDA:19,2,1,0
BRF:6
BRH:3
end_of_record
TN:
SF:src\components\layout\MobileDrawer.tsx
FN:5,(anonymous_1)
FN:15,(anonymous_2)
FN:28,(anonymous_3)
FN:36,(anonymous_4)
FN:53,(anonymous_5)
FNF:5
FNH:0
FNDA:0,(anonymous_1)
FNDA:0,(anonymous_2)
FNDA:0,(anonymous_3)
FNDA:0,(anonymous_4)
FNDA:0,(anonymous_5)
DA:1,1
DA:2,1
DA:3,1
DA:5,1
DA:6,0
DA:7,0
DA:9,0
DA:15,0
DA:28,0
DA:36,0
DA:53,0
DA:64,1
LF:12
LH:5
BRDA:12,0,0,0
BRDA:12,0,1,0
BRDA:20,1,0,0
BRDA:20,1,1,0
BRDA:26,2,0,0
BRDA:26,2,1,0
BRDA:34,3,0,0
BRDA:34,3,1,0
BRDA:45,4,0,0
BRDA:45,4,1,0
BRF:10
BRH:0
end_of_record
TN:
SF:src\components\layout\Sidebar.tsx
FN:6,(anonymous_0)
FN:8,(anonymous_1)
FN:12,(anonymous_2)
FN:12,(anonymous_3)
FN:17,(anonymous_4)
FN:21,(anonymous_5)
FN:30,(anonymous_6)
FN:57,(anonymous_7)
FN:62,(anonymous_8)
FN:68,(anonymous_9)
FN:85,(anonymous_10)
FN:90,(anonymous_11)
FN:96,(anonymous_12)
FNF:13
FNH:13
FNDA:8,(anonymous_0)
FNDA:14,(anonymous_1)
FNDA:32,(anonymous_2)
FNDA:1,(anonymous_3)
FNDA:16,(anonymous_4)
FNDA:16,(anonymous_5)
FNDA:32,(anonymous_6)
FNDA:1,(anonymous_7)
FNDA:14,(anonymous_8)
FNDA:1,(anonymous_9)
FNDA:1,(anonymous_10)
FNDA:14,(anonymous_11)
FNDA:1,(anonymous_12)
DA:1,2
DA:2,2
DA:3,2
DA:6,2
DA:7,8
DA:8,14
DA:9,8
DA:10,8
DA:12,32
DA:13,1
DA:14,1
DA:17,8
DA:18,16
DA:21,8
DA:22,16
DA:25,8
DA:31,32
DA:57,1
DA:63,14
DA:68,1
DA:85,1
DA:91,14
DA:96,1
DA:108,2
LF:24
LH:24
BRF:0
BRH:0
end_of_record
TN:
SF:src\components\product\ProductCard.tsx
FN:10,(anonymous_0)
FN:13,(anonymous_1)
FN:38,(anonymous_2)
FNF:3
FNH:3
FNDA:2,(anonymous_0)
FNDA:1,(anonymous_1)
FNDA:1,(anonymous_2)
DA:1,1
DA:2,1
DA:3,1
DA:10,1
DA:11,2
DA:13,2
DA:14,1
DA:17,2
DA:39,1
DA:40,1
DA:53,1
LF:11
LH:11
BRF:0
BRH:0
end_of_record
TN:
SF:src\features\cartSlice.ts
FN:21,(anonymous_0)
FN:22,(anonymous_1)
FN:34,(anonymous_2)
FN:35,(anonymous_3)
FN:39,(anonymous_4)
FN:40,(anonymous_5)
FNF:6
FNH:6
FNDA:4,(anonymous_0)
FNDA:1,(anonymous_1)
FNDA:1,(anonymous_2)
FNDA:1,(anonymous_3)
FNDA:2,(anonymous_4)
FNDA:2,(anonymous_5)
DA:1,5
DA:3,5
DA:13,5
DA:17,5
DA:22,4
DA:24,4
DA:25,1
DA:27,3
DA:31,4
DA:35,1
DA:36,1
DA:40,2
DA:41,2
DA:42,2
DA:44,2
DA:49,5
DA:50,5
LF:17
LH:17
BRDA:14,0,0,5
BRDA:14,0,1,5
BRDA:24,1,0,1
BRDA:24,1,1,3
BRDA:41,2,0,2
BRF:5
BRH:5
end_of_record
TN:
SF:src\features\productsSlice.ts
FN:66,(anonymous_0)
FN:74,(anonymous_1)
FN:84,(anonymous_2)
FN:89,(anonymous_3)
FN:100,(anonymous_4)
FN:111,(anonymous_5)
FN:116,(anonymous_6)
FN:119,(anonymous_7)
FN:121,(anonymous_8)
FN:125,(anonymous_9)
FN:128,(anonymous_10)
FN:132,(anonymous_11)
FN:134,(anonymous_12)
FN:138,(anonymous_13)
FN:143,(anonymous_14)
FN:146,(anonymous_15)
FN:150,(anonymous_16)
FN:154,(anonymous_17)
FN:158,(anonymous_18)
FN:162,(anonymous_19)
FN:169,(anonymous_20)
FN:174,(anonymous_21)
FN:181,(anonymous_22)
FN:189,(anonymous_23)
FN:197,(anonymous_24)
FNF:25
FNH:13
FNDA:0,(anonymous_0)
FNDA:0,(anonymous_1)
FNDA:2,(anonymous_2)
FNDA:2,(anonymous_3)
FNDA:1,(anonymous_4)
FNDA:1,(anonymous_5)
FNDA:0,(anonymous_6)
FNDA:0,(anonymous_7)
FNDA:0,(anonymous_8)
FNDA:0,(anonymous_9)
FNDA:0,(anonymous_10)
FNDA:5,(anonymous_11)
FNDA:0,(anonymous_12)
FNDA:3,(anonymous_13)
FNDA:6,(anonymous_14)
FNDA:6,(anonymous_15)
FNDA:0,(anonymous_16)
FNDA:0,(anonymous_17)
FNDA:0,(anonymous_18)
FNDA:0,(anonymous_19)
FNDA:9,(anonymous_20)
FNDA:12,(anonymous_21)
FNDA:3,(anonymous_22)
FNDA:2,(anonymous_23)
FNDA:2,(anonymous_24)
DA:1,5
DA:2,5
DA:4,5
DA:11,5
DA:42,5
DA:43,5
DA:64,5
DA:67,0
DA:68,0
DA:72,5
DA:75,0
DA:76,0
DA:80,5
DA:85,2
DA:86,2
DA:87,2
DA:90,2
DA:91,2
DA:92,2
DA:93,2
DA:95,0
DA:97,2
DA:98,2
DA:101,1
DA:102,1
DA:103,1
DA:104,1
DA:106,0
DA:108,1
DA:109,1
DA:112,1
DA:113,1
DA:114,1
DA:117,0
DA:120,0
DA:121,0
DA:124,0
DA:125,0
DA:129,0
DA:133,5
DA:135,0
DA:136,0
DA:139,3
DA:140,3
DA:141,3
DA:142,3
DA:143,6
DA:145,3
DA:146,6
DA:148,3
DA:151,0
DA:152,0
DA:155,0
DA:156,0
DA:159,0
DA:160,0
DA:163,0
DA:164,0
DA:169,5
DA:170,9
DA:173,9
DA:174,6
DA:175,12
DA:180,9
DA:181,3
DA:182,3
DA:187,9
DA:188,1
DA:189,1
DA:190,2
DA:196,9
DA:197,9
DA:198,2
DA:200,0
DA:202,1
DA:204,1
DA:206,0
DA:208,0
DA:213,9
DA:216,5
DA:217,5
DA:218,5
LF:82
LH:57
BRDA:49,0,0,5
BRDA:49,0,1,5
BRDA:66,1,0,0
BRDA:92,2,0,2
BRDA:92,2,1,0
BRDA:103,3,0,1
BRDA:103,3,1,0
BRDA:152,4,0,0
BRDA:152,4,1,0
BRDA:164,5,0,0
BRDA:164,5,1,0
BRDA:173,6,0,6
BRDA:180,7,0,3
BRDA:187,8,0,1
BRDA:190,9,0,2
BRDA:190,9,1,1
BRDA:196,10,0,9
BRDA:198,11,0,0
BRDA:198,11,1,1
BRDA:198,11,2,1
BRDA:198,11,3,0
BRDA:198,11,4,0
BRF:22
BRH:12
end_of_record
TN:
SF:src\features\store.ts
FN:20,(anonymous_1)
FNF:1
FNH:1
FNDA:3,(anonymous_1)
DA:1,3
DA:2,3
DA:3,3
DA:4,3
DA:5,3
DA:7,3
DA:13,3
DA:15,3
DA:21,3
DA:28,3
LF:10
LH:10
BRF:0
BRH:0
end_of_record
TN:
SF:src\hooks\redux.ts
FN:4,(anonymous_0)
FNF:1
FNH:1
FNDA:16,(anonymous_0)
DA:1,4
DA:4,16
DA:5,4
LF:3
LH:3
BRF:0
BRH:0
end_of_record
TN:
SF:src\services\api.ts
FN:33,(anonymous_1)
FN:35,(anonymous_2)
FN:42,(anonymous_3)
FN:51,(anonymous_4)
FN:61,(anonymous_5)
FN:80,(anonymous_6)
FN:100,(anonymous_7)
FN:107,(anonymous_8)
FNF:8
FNH:6
FNDA:2,(anonymous_1)
FNDA:4,(anonymous_2)
FNDA:2,(anonymous_3)
FNDA:0,(anonymous_4)
FNDA:0,(anonymous_5)
FNDA:1,(anonymous_6)
FNDA:1,(anonymous_7)
FNDA:1,(anonymous_8)
DA:1,6
DA:4,6
DA:6,6
DA:11,6
DA:33,6
DA:34,2
DA:35,2
DA:36,4
DA:42,6
DA:43,2
DA:45,2
DA:47,2
DA:51,0
DA:52,0
DA:53,0
DA:56,0
DA:57,0
DA:58,0
DA:61,0
DA:62,0
DA:63,0
DA:64,0
DA:69,0
DA:79,6
DA:81,1
DA:89,1
DA:92,1
DA:94,1
DA:102,1
DA:103,1
DA:106,1
DA:107,1
DA:109,1
DA:110,0
DA:113,1
LF:35
LH:23
BRDA:36,0,0,4
BRDA:36,0,1,4
BRDA:45,1,0,2
BRDA:56,2,0,0
BRDA:56,2,1,0
BRDA:62,3,0,0
BRDA:80,4,0,1
BRDA:80,5,0,1
BRDA:109,6,0,0
BRF:9
BRH:5
end_of_record
TN:
SF:src\store\index.ts
FNF:0
FNH:0
DA:1,1
DA:2,1
DA:3,1
DA:5,1
LF:4
LH:4
BRF:0
BRH:0
end_of_record
TN:
SF:src\utils\localStorage.ts
FN:6,(anonymous_0)
FN:14,(anonymous_1)
FNF:2
FNH:2
FNDA:14,(anonymous_0)
FNDA:12,(anonymous_1)
DA:2,7
DA:3,7
DA:6,7
DA:7,14
DA:8,14
DA:10,0
DA:14,7
DA:15,12
DA:16,12
DA:17,12
DA:19,0
DA:20,0
LF:12
LH:9
BRDA:17,0,0,1
BRDA:17,0,1,11
BRF:2
BRH:2
end_of_record
